/usr/sbin/mysqld, Version: 8.4.0 (MySQL Community Server - GPL). started with:
Tcp port: 3306  Unix socket: /var/run/mysqld/mysqld.sock
Time                 Id Command    Argument
# Time: 2024-06-26T21:43:03.727386Z
# User@Host: mysql.session[mysql.session] @ localhost []  Id:     8
# Query_time: 0.027462  Lock_time: 0.000263 Rows_sent: 1  Rows_examined: 29
SET timestamp=1719438183;
SELECT VALUE="Yes" FROM performance_schema.tls_channel_status  WHERE CHANNEL="mysql_main" AND PROPERTY="Enabled";
# Time: 2024-06-26T21:43:58.345808Z
# User@Host: user[user] @  [172.19.0.2]  Id:    11
# Query_time: 0.002520  Lock_time: 0.000061 Rows_sent: 12  Rows_examined: 12
use udemy_practice;
SET timestamp=1719438238;
SELECT * FROM `sec2_items` LIMIT 0, 25;
# Time: 2024-06-26T21:43:58.392509Z
# User@Host: user[user] @  [172.19.0.2]  Id:    11
# Query_time: 0.004884  Lock_time: 0.000003 Rows_sent: 1  Rows_examined: 2
SET timestamp=1719438238;
SELECT (COUNT(DB_first_level) DIV 100) * 100 from (  SELECT distinct SUBSTRING_INDEX(SCHEMA_NAME,  '_', 1)  DB_first_level  FROM INFORMATION_SCHEMA.SCHEMATA  WHERE `SCHEMA_NAME` < 'udemy_practice' ) t;
# Time: 2024-06-26T21:43:58.397034Z
# User@Host: user[user] @  [172.19.0.2]  Id:    11
# Query_time: 0.001573  Lock_time: 0.000001 Rows_sent: 3  Rows_examined: 18
SET timestamp=1719438238;
SELECT `SCHEMA_NAME` FROM `INFORMATION_SCHEMA`.`SCHEMATA`, (SELECT DB_first_level FROM ( SELECT DISTINCT SUBSTRING_INDEX(SCHEMA_NAME, '_', 1) DB_first_level FROM INFORMATION_SCHEMA.SCHEMATA WHERE TRUE ) t ORDER BY DB_first_level ASC LIMIT 0, 100) t2 WHERE TRUE AND 1 = LOCATE(CONCAT(DB_first_level, '_'), CONCAT(SCHEMA_NAME, '_')) ORDER BY SCHEMA_NAME ASC;
# Time: 2024-06-26T21:43:58.399234Z
# User@Host: user[user] @  [172.19.0.2]  Id:    11
# Query_time: 0.000292  Lock_time: 0.000001 Rows_sent: 1  Rows_examined: 3
SET timestamp=1719438238;
SELECT COUNT(*) FROM ( SELECT DISTINCT SUBSTRING_INDEX(SCHEMA_NAME, '_', 1) DB_first_level FROM INFORMATION_SCHEMA.SCHEMATA WHERE TRUE ) t;
# Time: 2024-06-26T21:43:58.400171Z
# User@Host: user[user] @  [172.19.0.2]  Id:    11
# Query_time: 0.000174  Lock_time: 0.000000 Rows_sent: 1  Rows_examined: 3
SET timestamp=1719438238;
SELECT COUNT(*) FROM ( SELECT DISTINCT SUBSTRING_INDEX(SCHEMA_NAME, '_', 1) DB_first_level FROM INFORMATION_SCHEMA.SCHEMATA WHERE TRUE ) t;
# Time: 2024-06-26T21:43:58.412985Z
# User@Host: user[user] @  [172.19.0.2]  Id:    11
# Query_time: 0.002267  Lock_time: 0.000000 Rows_sent: 0  Rows_examined: 0
SET timestamp=1719438238;
SELECT 1 FROM (SELECT `GRANTEE`, `IS_GRANTABLE` FROM `INFORMATION_SCHEMA`.`COLUMN_PRIVILEGES` UNION SELECT `GRANTEE`, `IS_GRANTABLE` FROM `INFORMATION_SCHEMA`.`TABLE_PRIVILEGES` UNION SELECT `GRANTEE`, `IS_GRANTABLE` FROM `INFORMATION_SCHEMA`.`SCHEMA_PRIVILEGES` UNION SELECT `GRANTEE`, `IS_GRANTABLE` FROM `INFORMATION_SCHEMA`.`USER_PRIVILEGES`) t WHERE `IS_GRANTABLE` = 'YES' AND '''user''@''%''' LIKE `GRANTEE` LIMIT 1;
# Time: 2024-06-26T21:43:58.413173Z
# User@Host: user[user] @  [172.19.0.2]  Id:    11
# Query_time: 0.000070  Lock_time: 0.000000 Rows_sent: 0  Rows_examined: 1
SET timestamp=1719438238;
SELECT 1 FROM `INFORMATION_SCHEMA`.`USER_PRIVILEGES` WHERE `PRIVILEGE_TYPE` = 'CREATE USER' AND '''user''@''%''' LIKE `GRANTEE` LIMIT 1;
# Time: 2024-06-26T21:43:58.413338Z
# User@Host: user[user] @  [172.19.0.2]  Id:    11
# Query_time: 0.000061  Lock_time: 0.000000 Rows_sent: 0  Rows_examined: 1
SET timestamp=1719438238;
SELECT `PRIVILEGE_TYPE` FROM `INFORMATION_SCHEMA`.`USER_PRIVILEGES` WHERE GRANTEE='''user''@''%''' AND PRIVILEGE_TYPE='TRIGGER';
# Time: 2024-06-26T21:43:58.413556Z
# User@Host: user[user] @  [172.19.0.2]  Id:    11
# Query_time: 0.000126  Lock_time: 0.000000 Rows_sent: 1  Rows_examined: 18
SET timestamp=1719438238;
SELECT `PRIVILEGE_TYPE` FROM `INFORMATION_SCHEMA`.`SCHEMA_PRIVILEGES` WHERE GRANTEE='''user''@''%''' AND PRIVILEGE_TYPE='TRIGGER' AND 'udemy_practice' LIKE `TABLE_SCHEMA`;
# Time: 2024-06-26T21:43:58.507787Z
# User@Host: user[user] @  [172.19.0.2]  Id:    13
# Query_time: 0.000850  Lock_time: 0.000001 Rows_sent: 0  Rows_examined: 0
SET timestamp=1719438238;
SELECT 1 FROM (SELECT `GRANTEE`, `IS_GRANTABLE` FROM `INFORMATION_SCHEMA`.`COLUMN_PRIVILEGES` UNION SELECT `GRANTEE`, `IS_GRANTABLE` FROM `INFORMATION_SCHEMA`.`TABLE_PRIVILEGES` UNION SELECT `GRANTEE`, `IS_GRANTABLE` FROM `INFORMATION_SCHEMA`.`SCHEMA_PRIVILEGES` UNION SELECT `GRANTEE`, `IS_GRANTABLE` FROM `INFORMATION_SCHEMA`.`USER_PRIVILEGES`) t WHERE `IS_GRANTABLE` = 'YES' AND '''user''@''%''' LIKE `GRANTEE` LIMIT 1;
# Time: 2024-06-26T21:43:58.508363Z
# User@Host: user[user] @  [172.19.0.2]  Id:    13
# Query_time: 0.000130  Lock_time: 0.000000 Rows_sent: 0  Rows_examined: 1
SET timestamp=1719438238;
SELECT 1 FROM `INFORMATION_SCHEMA`.`USER_PRIVILEGES` WHERE `PRIVILEGE_TYPE` = 'CREATE USER' AND '''user''@''%''' LIKE `GRANTEE` LIMIT 1;
# Time: 2024-06-26T21:43:58.584729Z
# User@Host: user[user] @  [172.19.0.2]  Id:    15
# Query_time: 0.000441  Lock_time: 0.000001 Rows_sent: 0  Rows_examined: 0
SET timestamp=1719438238;
SELECT 1 FROM (SELECT `GRANTEE`, `IS_GRANTABLE` FROM `INFORMATION_SCHEMA`.`COLUMN_PRIVILEGES` UNION SELECT `GRANTEE`, `IS_GRANTABLE` FROM `INFORMATION_SCHEMA`.`TABLE_PRIVILEGES` UNION SELECT `GRANTEE`, `IS_GRANTABLE` FROM `INFORMATION_SCHEMA`.`SCHEMA_PRIVILEGES` UNION SELECT `GRANTEE`, `IS_GRANTABLE` FROM `INFORMATION_SCHEMA`.`USER_PRIVILEGES`) t WHERE `IS_GRANTABLE` = 'YES' AND '''user''@''%''' LIKE `GRANTEE` LIMIT 1;
# Time: 2024-06-26T21:43:58.585016Z
# User@Host: user[user] @  [172.19.0.2]  Id:    15
# Query_time: 0.000083  Lock_time: 0.000001 Rows_sent: 0  Rows_examined: 1
SET timestamp=1719438238;
SELECT 1 FROM `INFORMATION_SCHEMA`.`USER_PRIVILEGES` WHERE `PRIVILEGE_TYPE` = 'CREATE USER' AND '''user''@''%''' LIKE `GRANTEE` LIMIT 1;
# Time: 2024-06-26T21:43:58.630679Z
# User@Host: user[user] @  [172.19.0.2]  Id:    17
# Query_time: 0.000476  Lock_time: 0.000000 Rows_sent: 0  Rows_examined: 0
SET timestamp=1719438238;
SELECT 1 FROM (SELECT `GRANTEE`, `IS_GRANTABLE` FROM `INFORMATION_SCHEMA`.`COLUMN_PRIVILEGES` UNION SELECT `GRANTEE`, `IS_GRANTABLE` FROM `INFORMATION_SCHEMA`.`TABLE_PRIVILEGES` UNION SELECT `GRANTEE`, `IS_GRANTABLE` FROM `INFORMATION_SCHEMA`.`SCHEMA_PRIVILEGES` UNION SELECT `GRANTEE`, `IS_GRANTABLE` FROM `INFORMATION_SCHEMA`.`USER_PRIVILEGES`) t WHERE `IS_GRANTABLE` = 'YES' AND '''user''@''%''' LIKE `GRANTEE` LIMIT 1;
# Time: 2024-06-26T21:43:58.630963Z
# User@Host: user[user] @  [172.19.0.2]  Id:    17
# Query_time: 0.000087  Lock_time: 0.000000 Rows_sent: 0  Rows_examined: 1
SET timestamp=1719438238;
SELECT 1 FROM `INFORMATION_SCHEMA`.`USER_PRIVILEGES` WHERE `PRIVILEGE_TYPE` = 'CREATE USER' AND '''user''@''%''' LIKE `GRANTEE` LIMIT 1;
# Time: 2024-06-26T21:43:58.674221Z
# User@Host: user[user] @  [172.19.0.2]  Id:    19
# Query_time: 0.001342  Lock_time: 0.000002 Rows_sent: 3  Rows_examined: 18
SET timestamp=1719438238;
SELECT `SCHEMA_NAME` FROM `INFORMATION_SCHEMA`.`SCHEMATA`, (SELECT DB_first_level FROM ( SELECT DISTINCT SUBSTRING_INDEX(SCHEMA_NAME, '_', 1) DB_first_level FROM INFORMATION_SCHEMA.SCHEMATA WHERE TRUE ) t ORDER BY DB_first_level ASC LIMIT 0, 100) t2 WHERE TRUE AND 1 = LOCATE(CONCAT(DB_first_level, '_'), CONCAT(SCHEMA_NAME, '_')) ORDER BY SCHEMA_NAME ASC;
# Time: 2024-06-26T21:43:58.677965Z
# User@Host: user[user] @  [172.19.0.2]  Id:    19
# Query_time: 0.000356  Lock_time: 0.000001 Rows_sent: 1  Rows_examined: 3
SET timestamp=1719438238;
SELECT COUNT(*) FROM ( SELECT DISTINCT SUBSTRING_INDEX(SCHEMA_NAME, '_', 1) DB_first_level FROM INFORMATION_SCHEMA.SCHEMATA WHERE TRUE ) t;
# Time: 2024-06-26T21:43:58.678476Z
# User@Host: user[user] @  [172.19.0.2]  Id:    19
# Query_time: 0.000253  Lock_time: 0.000001 Rows_sent: 1  Rows_examined: 3
SET timestamp=1719438238;
SELECT COUNT(*) FROM ( SELECT DISTINCT SUBSTRING_INDEX(SCHEMA_NAME, '_', 1) DB_first_level FROM INFORMATION_SCHEMA.SCHEMATA WHERE TRUE ) t;
# Time: 2024-06-26T21:43:58.682130Z
# User@Host: user[user] @  [172.19.0.2]  Id:    19
# Query_time: 0.000388  Lock_time: 0.000000 Rows_sent: 0  Rows_examined: 0
SET timestamp=1719438238;
SELECT 1 FROM (SELECT `GRANTEE`, `IS_GRANTABLE` FROM `INFORMATION_SCHEMA`.`COLUMN_PRIVILEGES` UNION SELECT `GRANTEE`, `IS_GRANTABLE` FROM `INFORMATION_SCHEMA`.`TABLE_PRIVILEGES` UNION SELECT `GRANTEE`, `IS_GRANTABLE` FROM `INFORMATION_SCHEMA`.`SCHEMA_PRIVILEGES` UNION SELECT `GRANTEE`, `IS_GRANTABLE` FROM `INFORMATION_SCHEMA`.`USER_PRIVILEGES`) t WHERE `IS_GRANTABLE` = 'YES' AND '''user''@''%''' LIKE `GRANTEE` LIMIT 1;
# Time: 2024-06-26T21:43:58.682374Z
# User@Host: user[user] @  [172.19.0.2]  Id:    19
# Query_time: 0.000070  Lock_time: 0.000000 Rows_sent: 0  Rows_examined: 1
SET timestamp=1719438238;
SELECT 1 FROM `INFORMATION_SCHEMA`.`USER_PRIVILEGES` WHERE `PRIVILEGE_TYPE` = 'CREATE USER' AND '''user''@''%''' LIKE `GRANTEE` LIMIT 1;
# Time: 2024-06-26T21:43:58.702628Z
# User@Host: user[user] @  [172.19.0.2]  Id:    21
# Query_time: 0.000526  Lock_time: 0.000001 Rows_sent: 0  Rows_examined: 0
SET timestamp=1719438238;
SELECT 1 FROM (SELECT `GRANTEE`, `IS_GRANTABLE` FROM `INFORMATION_SCHEMA`.`COLUMN_PRIVILEGES` UNION SELECT `GRANTEE`, `IS_GRANTABLE` FROM `INFORMATION_SCHEMA`.`TABLE_PRIVILEGES` UNION SELECT `GRANTEE`, `IS_GRANTABLE` FROM `INFORMATION_SCHEMA`.`SCHEMA_PRIVILEGES` UNION SELECT `GRANTEE`, `IS_GRANTABLE` FROM `INFORMATION_SCHEMA`.`USER_PRIVILEGES`) t WHERE `IS_GRANTABLE` = 'YES' AND '''user''@''%''' LIKE `GRANTEE` LIMIT 1;
# Time: 2024-06-26T21:43:58.702873Z
# User@Host: user[user] @  [172.19.0.2]  Id:    21
# Query_time: 0.000059  Lock_time: 0.000000 Rows_sent: 0  Rows_examined: 1
SET timestamp=1719438238;
SELECT 1 FROM `INFORMATION_SCHEMA`.`USER_PRIVILEGES` WHERE `PRIVILEGE_TYPE` = 'CREATE USER' AND '''user''@''%''' LIKE `GRANTEE` LIMIT 1;
# Time: 2024-06-26T21:43:58.709012Z
# User@Host: user[user] @  [172.19.0.2]  Id:    23
# Query_time: 0.000913  Lock_time: 0.000002 Rows_sent: 3  Rows_examined: 18
SET timestamp=1719438238;
SELECT `SCHEMA_NAME` FROM `INFORMATION_SCHEMA`.`SCHEMATA`, (SELECT DB_first_level FROM ( SELECT DISTINCT SUBSTRING_INDEX(SCHEMA_NAME, '_', 1) DB_first_level FROM INFORMATION_SCHEMA.SCHEMATA WHERE TRUE ) t ORDER BY DB_first_level ASC LIMIT 0, 100) t2 WHERE TRUE AND 1 = LOCATE(CONCAT(DB_first_level, '_'), CONCAT(SCHEMA_NAME, '_')) ORDER BY SCHEMA_NAME ASC;
# Time: 2024-06-26T21:43:58.718422Z
# User@Host: user[user] @  [172.19.0.2]  Id:    23
# Query_time: 0.000773  Lock_time: 0.000001 Rows_sent: 1  Rows_examined: 0
SET timestamp=1719438238;
SELECT COUNT(*) FROM `INFORMATION_SCHEMA`.`EVENTS` WHERE `EVENT_SCHEMA` ='udemy_practice';
# Time: 2024-06-26T21:43:58.729360Z
# User@Host: user[user] @  [172.19.0.2]  Id:    23
# Query_time: 0.000393  Lock_time: 0.000000 Rows_sent: 0  Rows_examined: 0
SET timestamp=1719438238;
SELECT 1 FROM (SELECT `GRANTEE`, `IS_GRANTABLE` FROM `INFORMATION_SCHEMA`.`COLUMN_PRIVILEGES` UNION SELECT `GRANTEE`, `IS_GRANTABLE` FROM `INFORMATION_SCHEMA`.`TABLE_PRIVILEGES` UNION SELECT `GRANTEE`, `IS_GRANTABLE` FROM `INFORMATION_SCHEMA`.`SCHEMA_PRIVILEGES` UNION SELECT `GRANTEE`, `IS_GRANTABLE` FROM `INFORMATION_SCHEMA`.`USER_PRIVILEGES`) t WHERE `IS_GRANTABLE` = 'YES' AND '''user''@''%''' LIKE `GRANTEE` LIMIT 1;
# Time: 2024-06-26T21:43:58.729605Z
# User@Host: user[user] @  [172.19.0.2]  Id:    23
# Query_time: 0.000086  Lock_time: 0.000000 Rows_sent: 0  Rows_examined: 1
SET timestamp=1719438238;
SELECT 1 FROM `INFORMATION_SCHEMA`.`USER_PRIVILEGES` WHERE `PRIVILEGE_TYPE` = 'CREATE USER' AND '''user''@''%''' LIKE `GRANTEE` LIMIT 1;
# Time: 2024-06-26T21:43:58.741597Z
# User@Host: user[user] @  [172.19.0.2]  Id:    25
# Query_time: 0.000851  Lock_time: 0.000002 Rows_sent: 3  Rows_examined: 18
SET timestamp=1719438238;
SELECT `SCHEMA_NAME` FROM `INFORMATION_SCHEMA`.`SCHEMATA`, (SELECT DB_first_level FROM ( SELECT DISTINCT SUBSTRING_INDEX(SCHEMA_NAME, '_', 1) DB_first_level FROM INFORMATION_SCHEMA.SCHEMATA WHERE TRUE ) t ORDER BY DB_first_level ASC LIMIT 0, 100) t2 WHERE TRUE AND 1 = LOCATE(CONCAT(DB_first_level, '_'), CONCAT(SCHEMA_NAME, '_')) ORDER BY SCHEMA_NAME ASC;
# Time: 2024-06-26T21:43:58.744253Z
# User@Host: user[user] @  [172.19.0.2]  Id:    25
# Query_time: 0.000202  Lock_time: 0.000001 Rows_sent: 1  Rows_examined: 0
SET timestamp=1719438238;
SELECT COUNT(*) FROM `INFORMATION_SCHEMA`.`EVENTS` WHERE `EVENT_SCHEMA` ='udemy_practice';
# Time: 2024-06-26T21:43:58.749349Z
# User@Host: user[user] @  [172.19.0.2]  Id:    25
# Query_time: 0.000381  Lock_time: 0.000000 Rows_sent: 0  Rows_examined: 0
SET timestamp=1719438238;
SELECT 1 FROM (SELECT `GRANTEE`, `IS_GRANTABLE` FROM `INFORMATION_SCHEMA`.`COLUMN_PRIVILEGES` UNION SELECT `GRANTEE`, `IS_GRANTABLE` FROM `INFORMATION_SCHEMA`.`TABLE_PRIVILEGES` UNION SELECT `GRANTEE`, `IS_GRANTABLE` FROM `INFORMATION_SCHEMA`.`SCHEMA_PRIVILEGES` UNION SELECT `GRANTEE`, `IS_GRANTABLE` FROM `INFORMATION_SCHEMA`.`USER_PRIVILEGES`) t WHERE `IS_GRANTABLE` = 'YES' AND '''user''@''%''' LIKE `GRANTEE` LIMIT 1;
# Time: 2024-06-26T21:43:58.749544Z
# User@Host: user[user] @  [172.19.0.2]  Id:    25
# Query_time: 0.000062  Lock_time: 0.000000 Rows_sent: 0  Rows_examined: 1
SET timestamp=1719438238;
SELECT 1 FROM `INFORMATION_SCHEMA`.`USER_PRIVILEGES` WHERE `PRIVILEGE_TYPE` = 'CREATE USER' AND '''user''@''%''' LIKE `GRANTEE` LIMIT 1;
# Time: 2024-06-26T21:43:58.754749Z
# User@Host: user[user] @  [172.19.0.2]  Id:    27
# Query_time: 0.000602  Lock_time: 0.000002 Rows_sent: 3  Rows_examined: 18
SET timestamp=1719438238;
SELECT `SCHEMA_NAME` FROM `INFORMATION_SCHEMA`.`SCHEMATA`, (SELECT DB_first_level FROM ( SELECT DISTINCT SUBSTRING_INDEX(SCHEMA_NAME, '_', 1) DB_first_level FROM INFORMATION_SCHEMA.SCHEMATA WHERE TRUE ) t ORDER BY DB_first_level ASC LIMIT 0, 100) t2 WHERE TRUE AND 1 = LOCATE(CONCAT(DB_first_level, '_'), CONCAT(SCHEMA_NAME, '_')) ORDER BY SCHEMA_NAME ASC;
# Time: 2024-06-26T21:43:58.756701Z
# User@Host: user[user] @  [172.19.0.2]  Id:    27
# Query_time: 0.000196  Lock_time: 0.000001 Rows_sent: 1  Rows_examined: 0
SET timestamp=1719438238;
SELECT COUNT(*) FROM `INFORMATION_SCHEMA`.`EVENTS` WHERE `EVENT_SCHEMA` ='udemy_practice';
# Time: 2024-06-26T21:43:58.763533Z
# User@Host: user[user] @  [172.19.0.2]  Id:    27
# Query_time: 0.000392  Lock_time: 0.000000 Rows_sent: 0  Rows_examined: 0
SET timestamp=1719438238;
SELECT 1 FROM (SELECT `GRANTEE`, `IS_GRANTABLE` FROM `INFORMATION_SCHEMA`.`COLUMN_PRIVILEGES` UNION SELECT `GRANTEE`, `IS_GRANTABLE` FROM `INFORMATION_SCHEMA`.`TABLE_PRIVILEGES` UNION SELECT `GRANTEE`, `IS_GRANTABLE` FROM `INFORMATION_SCHEMA`.`SCHEMA_PRIVILEGES` UNION SELECT `GRANTEE`, `IS_GRANTABLE` FROM `INFORMATION_SCHEMA`.`USER_PRIVILEGES`) t WHERE `IS_GRANTABLE` = 'YES' AND '''user''@''%''' LIKE `GRANTEE` LIMIT 1;
# Time: 2024-06-26T21:43:58.763723Z
# User@Host: user[user] @  [172.19.0.2]  Id:    27
# Query_time: 0.000061  Lock_time: 0.000001 Rows_sent: 0  Rows_examined: 1
SET timestamp=1719438238;
SELECT 1 FROM `INFORMATION_SCHEMA`.`USER_PRIVILEGES` WHERE `PRIVILEGE_TYPE` = 'CREATE USER' AND '''user''@''%''' LIKE `GRANTEE` LIMIT 1;
# Time: 2024-06-26T21:44:51.762009Z
# User@Host: user[user] @  [172.19.0.2]  Id:    29
# Query_time: 0.000336  Lock_time: 0.000000 Rows_sent: 0  Rows_examined: 0
SET timestamp=1719438291;
SELECT 1 FROM (SELECT `GRANTEE`, `IS_GRANTABLE` FROM `INFORMATION_SCHEMA`.`COLUMN_PRIVILEGES` UNION SELECT `GRANTEE`, `IS_GRANTABLE` FROM `INFORMATION_SCHEMA`.`TABLE_PRIVILEGES` UNION SELECT `GRANTEE`, `IS_GRANTABLE` FROM `INFORMATION_SCHEMA`.`SCHEMA_PRIVILEGES` UNION SELECT `GRANTEE`, `IS_GRANTABLE` FROM `INFORMATION_SCHEMA`.`USER_PRIVILEGES`) t WHERE `IS_GRANTABLE` = 'YES' AND '''user''@''%''' LIKE `GRANTEE` LIMIT 1;
# Time: 2024-06-26T21:44:51.762244Z
# User@Host: user[user] @  [172.19.0.2]  Id:    29
# Query_time: 0.000053  Lock_time: 0.000000 Rows_sent: 0  Rows_examined: 1
SET timestamp=1719438291;
SELECT 1 FROM `INFORMATION_SCHEMA`.`USER_PRIVILEGES` WHERE `PRIVILEGE_TYPE` = 'CREATE USER' AND '''user''@''%''' LIKE `GRANTEE` LIMIT 1;
# Time: 2024-06-26T21:44:51.762455Z
# User@Host: user[user] @  [172.19.0.2]  Id:    29
# Query_time: 0.000087  Lock_time: 0.000000 Rows_sent: 0  Rows_examined: 1
SET timestamp=1719438291;
SELECT `PRIVILEGE_TYPE` FROM `INFORMATION_SCHEMA`.`USER_PRIVILEGES` WHERE GRANTEE='''user''@''%''' AND PRIVILEGE_TYPE='TRIGGER';
# Time: 2024-06-26T21:44:51.762667Z
# User@Host: user[user] @  [172.19.0.2]  Id:    29
# Query_time: 0.000101  Lock_time: 0.000000 Rows_sent: 1  Rows_examined: 18
SET timestamp=1719438291;
SELECT `PRIVILEGE_TYPE` FROM `INFORMATION_SCHEMA`.`SCHEMA_PRIVILEGES` WHERE GRANTEE='''user''@''%''' AND PRIVILEGE_TYPE='TRIGGER' AND 'udemy_practice' LIKE `TABLE_SCHEMA`;
# Time: 2024-06-26T21:44:51.811116Z
# User@Host: user[user] @  [172.19.0.2]  Id:    31
# Query_time: 0.000462  Lock_time: 0.000001 Rows_sent: 0  Rows_examined: 0
SET timestamp=1719438291;
SELECT 1 FROM (SELECT `GRANTEE`, `IS_GRANTABLE` FROM `INFORMATION_SCHEMA`.`COLUMN_PRIVILEGES` UNION SELECT `GRANTEE`, `IS_GRANTABLE` FROM `INFORMATION_SCHEMA`.`TABLE_PRIVILEGES` UNION SELECT `GRANTEE`, `IS_GRANTABLE` FROM `INFORMATION_SCHEMA`.`SCHEMA_PRIVILEGES` UNION SELECT `GRANTEE`, `IS_GRANTABLE` FROM `INFORMATION_SCHEMA`.`USER_PRIVILEGES`) t WHERE `IS_GRANTABLE` = 'YES' AND '''user''@''%''' LIKE `GRANTEE` LIMIT 1;
# Time: 2024-06-26T21:44:51.811400Z
# User@Host: user[user] @  [172.19.0.2]  Id:    31
# Query_time: 0.000085  Lock_time: 0.000000 Rows_sent: 0  Rows_examined: 1
SET timestamp=1719438291;
SELECT 1 FROM `INFORMATION_SCHEMA`.`USER_PRIVILEGES` WHERE `PRIVILEGE_TYPE` = 'CREATE USER' AND '''user''@''%''' LIKE `GRANTEE` LIMIT 1;
# Time: 2024-06-26T21:44:52.857169Z
# User@Host: user[user] @  [172.19.0.2]  Id:    35
# Query_time: 0.000561  Lock_time: 0.000000 Rows_sent: 0  Rows_examined: 0
SET timestamp=1719438292;
SELECT 1 FROM (SELECT `GRANTEE`, `IS_GRANTABLE` FROM `INFORMATION_SCHEMA`.`COLUMN_PRIVILEGES` UNION SELECT `GRANTEE`, `IS_GRANTABLE` FROM `INFORMATION_SCHEMA`.`TABLE_PRIVILEGES` UNION SELECT `GRANTEE`, `IS_GRANTABLE` FROM `INFORMATION_SCHEMA`.`SCHEMA_PRIVILEGES` UNION SELECT `GRANTEE`, `IS_GRANTABLE` FROM `INFORMATION_SCHEMA`.`USER_PRIVILEGES`) t WHERE `IS_GRANTABLE` = 'YES' AND '''user''@''%''' LIKE `GRANTEE` LIMIT 1;
# Time: 2024-06-26T21:44:52.857490Z
# User@Host: user[user] @  [172.19.0.2]  Id:    35
# Query_time: 0.000077  Lock_time: 0.000000 Rows_sent: 0  Rows_examined: 1
SET timestamp=1719438292;
SELECT 1 FROM `INFORMATION_SCHEMA`.`USER_PRIVILEGES` WHERE `PRIVILEGE_TYPE` = 'CREATE USER' AND '''user''@''%''' LIKE `GRANTEE` LIMIT 1;
# Time: 2024-06-26T21:44:52.857789Z
# User@Host: user[user] @  [172.19.0.2]  Id:    35
# Query_time: 0.000142  Lock_time: 0.000000 Rows_sent: 0  Rows_examined: 1
SET timestamp=1719438292;
SELECT `PRIVILEGE_TYPE` FROM `INFORMATION_SCHEMA`.`USER_PRIVILEGES` WHERE GRANTEE='''user''@''%''' AND PRIVILEGE_TYPE='EVENT';
# Time: 2024-06-26T21:44:52.858024Z
# User@Host: user[user] @  [172.19.0.2]  Id:    35
# Query_time: 0.000108  Lock_time: 0.000000 Rows_sent: 1  Rows_examined: 18
SET timestamp=1719438292;
SELECT `PRIVILEGE_TYPE` FROM `INFORMATION_SCHEMA`.`SCHEMA_PRIVILEGES` WHERE GRANTEE='''user''@''%''' AND PRIVILEGE_TYPE='EVENT' AND 'udemy_practice' LIKE `TABLE_SCHEMA`;
# Time: 2024-06-26T21:44:52.858236Z
# User@Host: user[user] @  [172.19.0.2]  Id:    35
# Query_time: 0.000073  Lock_time: 0.000000 Rows_sent: 0  Rows_examined: 1
SET timestamp=1719438292;
SELECT `PRIVILEGE_TYPE` FROM `INFORMATION_SCHEMA`.`USER_PRIVILEGES` WHERE GRANTEE='''user''@''%''' AND PRIVILEGE_TYPE='TRIGGER';
# Time: 2024-06-26T21:44:52.858448Z
# User@Host: user[user] @  [172.19.0.2]  Id:    35
# Query_time: 0.000083  Lock_time: 0.000000 Rows_sent: 1  Rows_examined: 18
SET timestamp=1719438292;
SELECT `PRIVILEGE_TYPE` FROM `INFORMATION_SCHEMA`.`SCHEMA_PRIVILEGES` WHERE GRANTEE='''user''@''%''' AND PRIVILEGE_TYPE='TRIGGER' AND 'udemy_practice' LIKE `TABLE_SCHEMA`;
# Time: 2024-06-26T21:44:54.387359Z
# User@Host: user[user] @  [172.19.0.2]  Id:    39
# Query_time: 0.000367  Lock_time: 0.000000 Rows_sent: 0  Rows_examined: 0
SET timestamp=1719438294;
SELECT 1 FROM (SELECT `GRANTEE`, `IS_GRANTABLE` FROM `INFORMATION_SCHEMA`.`COLUMN_PRIVILEGES` UNION SELECT `GRANTEE`, `IS_GRANTABLE` FROM `INFORMATION_SCHEMA`.`TABLE_PRIVILEGES` UNION SELECT `GRANTEE`, `IS_GRANTABLE` FROM `INFORMATION_SCHEMA`.`SCHEMA_PRIVILEGES` UNION SELECT `GRANTEE`, `IS_GRANTABLE` FROM `INFORMATION_SCHEMA`.`USER_PRIVILEGES`) t WHERE `IS_GRANTABLE` = 'YES' AND '''user''@''%''' LIKE `GRANTEE` LIMIT 1;
# Time: 2024-06-26T21:44:54.387683Z
# User@Host: user[user] @  [172.19.0.2]  Id:    39
# Query_time: 0.000057  Lock_time: 0.000000 Rows_sent: 0  Rows_examined: 1
SET timestamp=1719438294;
SELECT 1 FROM `INFORMATION_SCHEMA`.`USER_PRIVILEGES` WHERE `PRIVILEGE_TYPE` = 'CREATE USER' AND '''user''@''%''' LIKE `GRANTEE` LIMIT 1;
# Time: 2024-06-26T21:44:54.387826Z
# User@Host: user[user] @  [172.19.0.2]  Id:    39
# Query_time: 0.000047  Lock_time: 0.000000 Rows_sent: 0  Rows_examined: 1
SET timestamp=1719438294;
SELECT `PRIVILEGE_TYPE` FROM `INFORMATION_SCHEMA`.`USER_PRIVILEGES` WHERE GRANTEE='''user''@''%''' AND PRIVILEGE_TYPE='TRIGGER';
# Time: 2024-06-26T21:44:54.387965Z
# User@Host: user[user] @  [172.19.0.2]  Id:    39
# Query_time: 0.000054  Lock_time: 0.000001 Rows_sent: 1  Rows_examined: 18
SET timestamp=1719438294;
SELECT `PRIVILEGE_TYPE` FROM `INFORMATION_SCHEMA`.`SCHEMA_PRIVILEGES` WHERE GRANTEE='''user''@''%''' AND PRIVILEGE_TYPE='TRIGGER' AND 'udemy_practice' LIKE `TABLE_SCHEMA`;
